{"/home/david/Documentos/_Code/Curso_React_v2/adminProdTS/adminProdTS server/src/router.ts": {"path":"/home/david/Documentos/_Code/Curso_React_v2/adminProdTS/adminProdTS server/src/router.ts","statementMap":{"0":{"start":{"line":1,"column":0},"end":{"line":1,"column":32}},"1":{"start":{"line":2,"column":0},"end":{"line":2,"column":47}},"2":{"start":{"line":3,"column":0},"end":{"line":3,"column":null}},"3":{"start":{"line":11,"column":0},"end":{"line":11,"column":48}},"4":{"start":{"line":13,"column":15},"end":{"line":13,"column":23}},"5":{"start":{"line":15,"column":0},"end":{"line":15,"column":null}},"6":{"start":{"line":17,"column":0},"end":{"line":22,"column":null}},"7":{"start":{"line":24,"column":0},"end":{"line":33,"column":null}},"8":{"start":{"line":29,"column":25},"end":{"line":29,"column":34}},"9":{"start":{"line":35,"column":0},"end":{"line":48,"column":null}},"10":{"start":{"line":42,"column":25},"end":{"line":42,"column":34}},"11":{"start":{"line":50,"column":0},"end":{"line":55,"column":null}},"12":{"start":{"line":57,"column":0},"end":{"line":62,"column":null}},"13":{"start":{"line":64,"column":0},"end":{"line":64,"column":null}}},"fnMap":{"0":{"name":"(anonymous_0)","decl":{"start":{"line":29,"column":16},"end":{"line":29,"column":21}},"loc":{"start":{"line":29,"column":25},"end":{"line":29,"column":34}}},"1":{"name":"(anonymous_1)","decl":{"start":{"line":42,"column":16},"end":{"line":42,"column":21}},"loc":{"start":{"line":42,"column":25},"end":{"line":42,"column":34}}}},"branchMap":{},"s":{"0":2,"1":2,"2":2,"3":2,"4":2,"5":2,"6":2,"7":2,"8":4,"9":2,"10":5,"11":2,"12":2,"13":2},"f":{"0":4,"1":5},"b":{}}
,"/home/david/Documentos/_Code/Curso_React_v2/adminProdTS/adminProdTS server/src/server.ts": {"path":"/home/david/Documentos/_Code/Curso_React_v2/adminProdTS/adminProdTS server/src/server.ts","statementMap":{"0":{"start":{"line":7,"column":0},"end":{"line":7,"column":7}},"1":{"start":{"line":1,"column":0},"end":{"line":1,"column":29}},"2":{"start":{"line":2,"column":0},"end":{"line":2,"column":27}},"3":{"start":{"line":3,"column":0},"end":{"line":3,"column":29}},"4":{"start":{"line":4,"column":0},"end":{"line":4,"column":28}},"5":{"start":{"line":8,"column":4},"end":{"line":15,"column":5}},"6":{"start":{"line":9,"column":8},"end":{"line":9,"column":null}},"7":{"start":{"line":10,"column":8},"end":{"line":10,"column":null}},"8":{"start":{"line":14,"column":8},"end":{"line":14,"column":null}},"9":{"start":{"line":18,"column":0},"end":{"line":18,"column":null}},"10":{"start":{"line":21,"column":15},"end":{"line":21,"column":24}},"11":{"start":{"line":24,"column":0},"end":{"line":24,"column":null}},"12":{"start":{"line":27,"column":0},"end":{"line":27,"column":null}},"13":{"start":{"line":29,"column":0},"end":{"line":31,"column":null}},"14":{"start":{"line":30,"column":4},"end":{"line":30,"column":null}},"15":{"start":{"line":33,"column":0},"end":{"line":33,"column":null}}},"fnMap":{"0":{"name":"connectDB","decl":{"start":{"line":7,"column":22},"end":{"line":7,"column":31}},"loc":{"start":{"line":7,"column":31},"end":{"line":16,"column":1}}},"1":{"name":"(anonymous_2)","decl":{"start":{"line":29,"column":19},"end":{"line":29,"column":20}},"loc":{"start":{"line":29,"column":32},"end":{"line":31,"column":1}}}},"branchMap":{},"s":{"0":2,"1":2,"2":2,"3":2,"4":2,"5":3,"6":3,"7":2,"8":1,"9":2,"10":2,"11":2,"12":2,"13":2,"14":1,"15":2},"f":{"0":3,"1":1},"b":{}}
,"/home/david/Documentos/_Code/Curso_React_v2/adminProdTS/adminProdTS server/src/config/db.ts": {"path":"/home/david/Documentos/_Code/Curso_React_v2/adminProdTS/adminProdTS server/src/config/db.ts","statementMap":{"0":{"start":{"line":1,"column":0},"end":{"line":1,"column":48}},"1":{"start":{"line":2,"column":0},"end":{"line":2,"column":27}},"2":{"start":{"line":3,"column":0},"end":{"line":3,"column":null}},"3":{"start":{"line":5,"column":11},"end":{"line":8,"column":2}},"4":{"start":{"line":10,"column":0},"end":{"line":10,"column":null}}},"fnMap":{},"branchMap":{},"s":{"0":2,"1":2,"2":2,"3":2,"4":2},"f":{},"b":{}}
,"/home/david/Documentos/_Code/Curso_React_v2/adminProdTS/adminProdTS server/src/handlers/product.ts": {"path":"/home/david/Documentos/_Code/Curso_React_v2/adminProdTS/adminProdTS server/src/handlers/product.ts","statementMap":{"0":{"start":{"line":2,"column":0},"end":{"line":2,"column":45}},"1":{"start":{"line":4,"column":27},"end":{"line":17,"column":1}},"2":{"start":{"line":5,"column":4},"end":{"line":16,"column":5}},"3":{"start":{"line":6,"column":25},"end":{"line":10,"column":10}},"4":{"start":{"line":12,"column":8},"end":{"line":12,"column":null}},"5":{"start":{"line":14,"column":8},"end":{"line":14,"column":null}},"6":{"start":{"line":15,"column":8},"end":{"line":15,"column":null}},"7":{"start":{"line":4,"column":13},"end":{"line":4,"column":27}},"8":{"start":{"line":19,"column":30},"end":{"line":34,"column":1}},"9":{"start":{"line":20,"column":4},"end":{"line":33,"column":5}},"10":{"start":{"line":21,"column":23},"end":{"line":21,"column":33}},"11":{"start":{"line":22,"column":24},"end":{"line":22,"column":50}},"12":{"start":{"line":24,"column":8},"end":{"line":27,"column":9}},"13":{"start":{"line":25,"column":12},"end":{"line":25,"column":null}},"14":{"start":{"line":26,"column":12},"end":{"line":26,"column":18}},"15":{"start":{"line":29,"column":8},"end":{"line":29,"column":null}},"16":{"start":{"line":31,"column":8},"end":{"line":31,"column":null}},"17":{"start":{"line":32,"column":8},"end":{"line":32,"column":null}},"18":{"start":{"line":19,"column":13},"end":{"line":19,"column":30}},"19":{"start":{"line":36,"column":29},"end":{"line":46,"column":1}},"20":{"start":{"line":37,"column":4},"end":{"line":45,"column":5}},"21":{"start":{"line":39,"column":24},"end":{"line":39,"column":54}},"22":{"start":{"line":41,"column":8},"end":{"line":41,"column":null}},"23":{"start":{"line":43,"column":8},"end":{"line":43,"column":null}},"24":{"start":{"line":44,"column":8},"end":{"line":44,"column":null}},"25":{"start":{"line":36,"column":13},"end":{"line":36,"column":29}},"26":{"start":{"line":48,"column":29},"end":{"line":66,"column":1}},"27":{"start":{"line":49,"column":4},"end":{"line":65,"column":5}},"28":{"start":{"line":50,"column":23},"end":{"line":50,"column":33}},"29":{"start":{"line":51,"column":24},"end":{"line":51,"column":50}},"30":{"start":{"line":53,"column":8},"end":{"line":56,"column":9}},"31":{"start":{"line":54,"column":12},"end":{"line":54,"column":null}},"32":{"start":{"line":55,"column":12},"end":{"line":55,"column":18}},"33":{"start":{"line":58,"column":8},"end":{"line":58,"column":null}},"34":{"start":{"line":59,"column":8},"end":{"line":59,"column":null}},"35":{"start":{"line":61,"column":8},"end":{"line":61,"column":null}},"36":{"start":{"line":63,"column":8},"end":{"line":63,"column":null}},"37":{"start":{"line":64,"column":8},"end":{"line":64,"column":null}},"38":{"start":{"line":48,"column":13},"end":{"line":48,"column":29}},"39":{"start":{"line":68,"column":34},"end":{"line":86,"column":1}},"40":{"start":{"line":69,"column":4},"end":{"line":85,"column":5}},"41":{"start":{"line":70,"column":23},"end":{"line":70,"column":33}},"42":{"start":{"line":71,"column":24},"end":{"line":71,"column":50}},"43":{"start":{"line":73,"column":8},"end":{"line":76,"column":9}},"44":{"start":{"line":74,"column":12},"end":{"line":74,"column":null}},"45":{"start":{"line":75,"column":12},"end":{"line":75,"column":18}},"46":{"start":{"line":78,"column":8},"end":{"line":78,"column":null}},"47":{"start":{"line":79,"column":8},"end":{"line":79,"column":null}},"48":{"start":{"line":81,"column":8},"end":{"line":81,"column":null}},"49":{"start":{"line":83,"column":8},"end":{"line":83,"column":null}},"50":{"start":{"line":84,"column":8},"end":{"line":84,"column":null}},"51":{"start":{"line":68,"column":13},"end":{"line":68,"column":34}},"52":{"start":{"line":88,"column":29},"end":{"line":105,"column":1}},"53":{"start":{"line":89,"column":4},"end":{"line":104,"column":5}},"54":{"start":{"line":90,"column":23},"end":{"line":90,"column":33}},"55":{"start":{"line":91,"column":24},"end":{"line":91,"column":50}},"56":{"start":{"line":93,"column":8},"end":{"line":96,"column":9}},"57":{"start":{"line":94,"column":12},"end":{"line":94,"column":null}},"58":{"start":{"line":95,"column":12},"end":{"line":95,"column":18}},"59":{"start":{"line":98,"column":8},"end":{"line":98,"column":null}},"60":{"start":{"line":100,"column":8},"end":{"line":100,"column":null}},"61":{"start":{"line":102,"column":8},"end":{"line":102,"column":null}},"62":{"start":{"line":103,"column":8},"end":{"line":103,"column":null}},"63":{"start":{"line":88,"column":13},"end":{"line":88,"column":29}}},"fnMap":{"0":{"name":"(anonymous_1)","decl":{"start":{"line":4,"column":27},"end":{"line":4,"column":32}},"loc":{"start":{"line":4,"column":65},"end":{"line":17,"column":1}}},"1":{"name":"(anonymous_2)","decl":{"start":{"line":19,"column":30},"end":{"line":19,"column":35}},"loc":{"start":{"line":19,"column":68},"end":{"line":34,"column":1}}},"2":{"name":"(anonymous_3)","decl":{"start":{"line":36,"column":29},"end":{"line":36,"column":34}},"loc":{"start":{"line":36,"column":67},"end":{"line":46,"column":1}}},"3":{"name":"(anonymous_4)","decl":{"start":{"line":48,"column":29},"end":{"line":48,"column":34}},"loc":{"start":{"line":48,"column":67},"end":{"line":66,"column":1}}},"4":{"name":"(anonymous_5)","decl":{"start":{"line":68,"column":34},"end":{"line":68,"column":39}},"loc":{"start":{"line":68,"column":72},"end":{"line":86,"column":1}}},"5":{"name":"(anonymous_6)","decl":{"start":{"line":88,"column":29},"end":{"line":88,"column":34}},"loc":{"start":{"line":88,"column":67},"end":{"line":105,"column":1}}}},"branchMap":{"0":{"loc":{"start":{"line":24,"column":8},"end":{"line":27,"column":9}},"type":"if","locations":[{"start":{"line":24,"column":8},"end":{"line":27,"column":9}}]},"1":{"loc":{"start":{"line":53,"column":8},"end":{"line":56,"column":9}},"type":"if","locations":[{"start":{"line":53,"column":8},"end":{"line":56,"column":9}}]},"2":{"loc":{"start":{"line":73,"column":8},"end":{"line":76,"column":9}},"type":"if","locations":[{"start":{"line":73,"column":8},"end":{"line":76,"column":9}}]},"3":{"loc":{"start":{"line":93,"column":8},"end":{"line":96,"column":9}},"type":"if","locations":[{"start":{"line":93,"column":8},"end":{"line":96,"column":9}}]}},"s":{"0":2,"1":2,"2":2,"3":2,"4":2,"5":0,"6":0,"7":2,"8":2,"9":2,"10":2,"11":2,"12":2,"13":1,"14":1,"15":1,"16":0,"17":0,"18":2,"19":2,"20":1,"21":1,"22":1,"23":0,"24":0,"25":2,"26":2,"27":2,"28":2,"29":2,"30":2,"31":1,"32":1,"33":1,"34":1,"35":1,"36":0,"37":0,"38":2,"39":2,"40":2,"41":2,"42":2,"43":2,"44":1,"45":1,"46":1,"47":1,"48":1,"49":0,"50":0,"51":2,"52":2,"53":2,"54":2,"55":2,"56":2,"57":1,"58":1,"59":1,"60":1,"61":0,"62":0,"63":2},"f":{"0":2,"1":2,"2":1,"3":2,"4":2,"5":2},"b":{"0":[1],"1":[1],"2":[1],"3":[1]}}
,"/home/david/Documentos/_Code/Curso_React_v2/adminProdTS/adminProdTS server/src/middleware/index.ts": {"path":"/home/david/Documentos/_Code/Curso_React_v2/adminProdTS/adminProdTS server/src/middleware/index.ts","statementMap":{"0":{"start":{"line":2,"column":0},"end":{"line":2,"column":52}},"1":{"start":{"line":4,"column":33},"end":{"line":13,"column":1}},"2":{"start":{"line":5,"column":17},"end":{"line":5,"column":38}},"3":{"start":{"line":7,"column":4},"end":{"line":10,"column":5}},"4":{"start":{"line":8,"column":8},"end":{"line":8,"column":null}},"5":{"start":{"line":9,"column":8},"end":{"line":9,"column":14}},"6":{"start":{"line":12,"column":4},"end":{"line":12,"column":null}},"7":{"start":{"line":4,"column":13},"end":{"line":4,"column":33}}},"fnMap":{"0":{"name":"(anonymous_0)","decl":{"start":{"line":4,"column":33},"end":{"line":4,"column":34}},"loc":{"start":{"line":4,"column":91},"end":{"line":13,"column":1}}}},"branchMap":{"0":{"loc":{"start":{"line":7,"column":4},"end":{"line":10,"column":5}},"type":"if","locations":[{"start":{"line":7,"column":4},"end":{"line":10,"column":5}}]}},"s":{"0":2,"1":2,"2":17,"3":17,"4":8,"5":8,"6":9,"7":2},"f":{"0":17},"b":{"0":[8]}}
,"/home/david/Documentos/_Code/Curso_React_v2/adminProdTS/adminProdTS server/src/models/Product.model.ts": {"path":"/home/david/Documentos/_Code/Curso_React_v2/adminProdTS/adminProdTS server/src/models/Product.model.ts","statementMap":{"0":{"start":{"line":1,"column":0},"end":{"line":1,"column":78}},"1":{"start":{"line":7,"column":0},"end":{"line":23,"column":null}},"2":{"start":{"line":11,"column":12},"end":{"line":11,"column":null}},"3":{"start":{"line":16,"column":12},"end":{"line":16,"column":null}},"4":{"start":{"line":22,"column":12},"end":{"line":22,"column":null}},"5":{"start":{"line":7,"column":6},"end":{"line":23,"column":null}},"6":{"start":{"line":25,"column":0},"end":{"line":25,"column":null}}},"fnMap":{},"branchMap":{},"s":{"0":3,"1":3,"2":3,"3":3,"4":3,"5":3,"6":3},"f":{},"b":{}}
}
